{"uid":"8d922d2fc6a0c2d9","name":"test_failure","fullName":"study#test_failure","historyId":"70b21e2c8a4d25e493200b1d0a62b218","time":{"start":1663754643492,"stop":1663754643492,"duration":0},"description":"this test fails","descriptionHtml":"<p>this test fails</p>\n","status":"failed","statusMessage":"AssertionError: assert False","statusTrace":"@allure.feature('test_failure')\n    def test_failure():\n        \"\"\"this test fails\"\"\"\n>       assert False\nE       assert False\n\nstudy.py:13: AssertionError","flaky":false,"newFailed":false,"newBroken":false,"newPassed":false,"retriesCount":0,"retriesStatusChange":false,"beforeStages":[],"afterStages":[],"labels":[{"name":"feature","value":"test_failure"},{"name":"suite","value":"study"},{"name":"host","value":"CD-N00013"},{"name":"thread","value":"6956-MainThread"},{"name":"framework","value":"pytest"},{"name":"language","value":"cpython3"},{"name":"package","value":"study"},{"name":"resultFormat","value":"allure2"}],"parameters":[],"links":[],"hidden":false,"retry":false,"extra":{"severity":"normal","retries":[],"categories":[{"name":"Product defects","matchedStatuses":[],"flaky":false}],"tags":[]},"source":"8d922d2fc6a0c2d9.json","parameterValues":[]}